<?xml version="1.0" encoding="UTF-8"?>
<!-- Generated by org.testng.reporters.JUnitXMLReporter -->
<testsuite hostname="Infva06687" ignored="0" name="dependsExample" tests="3" failures="0" timestamp="13 Mar 2019 07:24:24 GMT" time="14.221" errors="0">
  <testcase name="f1" time="5.256" classname="day6.dependsExample"/>
  <testcase name="f2" time="0.067" classname="day6.dependsExample"/>
  <testcase name="f3" time="2.204" classname="day6.dependsExample"/>
</testsuite> <!-- dependsExample -->
