<?xml version="1.0" encoding="UTF-8"?>
<!-- Generated by org.testng.reporters.JUnitXMLReporter -->
<testsuite hostname="Infva06687" ignored="3" name="Test" tests="1" failures="0" timestamp="13 Mar 2019 09:17:47 GMT" time="0.027" errors="0">
  <testcase name="f1" time="0.009" classname="day6.Grouping"/>
  <testcase name="f3" time="0.0" classname="day6.Grouping">
    <ignored/>
  </testcase> <!-- f3 -->
  <testcase name="f4" time="0.0" classname="day6.Grouping">
    <ignored/>
  </testcase> <!-- f4 -->
  <testcase name="f2" time="0.0" classname="day6.Grouping">
    <ignored/>
  </testcase> <!-- f2 -->
</testsuite> <!-- Test -->
