<?xml version="1.0" encoding="UTF-8"?>
<testng-results skipped="0" failed="0" ignored="0" total="1" passed="1">
  <reporter-output>
  </reporter-output>
  <suite name="Suite" duration-ms="7393" started-at="2019-03-15T07:35:09Z" finished-at="2019-03-15T07:35:16Z">
    <groups>
    </groups>
    <test name="Test" duration-ms="7393" started-at="2019-03-15T07:35:09Z" finished-at="2019-03-15T07:35:16Z">
      <class name="day10.FirstScript">
        <test-method status="PASS" signature="beforeTest()[pri:0, instance:day10.FirstScript@15b3e5b]" name="beforeTest" is-config="true" duration-ms="4011" started-at="2019-03-15T13:05:09Z" finished-at="2019-03-15T13:05:13Z">
          <reporter-output>
          </reporter-output>
        </test-method> <!-- beforeTest -->
        <test-method status="PASS" signature="f()[pri:0, instance:day10.FirstScript@15b3e5b]" name="f" duration-ms="2591" started-at="2019-03-15T13:05:13Z" finished-at="2019-03-15T13:05:15Z">
          <reporter-output>
          </reporter-output>
        </test-method> <!-- f -->
        <test-method status="PASS" signature="afterTest()[pri:0, instance:day10.FirstScript@15b3e5b]" name="afterTest" is-config="true" duration-ms="703" started-at="2019-03-15T13:05:16Z" finished-at="2019-03-15T13:05:16Z">
          <reporter-output>
          </reporter-output>
        </test-method> <!-- afterTest -->
      </class> <!-- day10.FirstScript -->
    </test> <!-- Test -->
  </suite> <!-- Suite -->
</testng-results>
