<?xml version="1.0" encoding="UTF-8"?>
<testng-results skipped="0" failed="0" ignored="0" total="1" passed="1">
  <reporter-output>
  </reporter-output>
  <suite name="Default suite" duration-ms="9320" started-at="2019-03-15T10:12:13Z" finished-at="2019-03-15T10:12:23Z">
    <groups>
    </groups>
    <test name="Default test" duration-ms="9320" started-at="2019-03-15T10:12:13Z" finished-at="2019-03-15T10:12:23Z">
      <class name="day10.FirstScript">
        <test-method status="PASS" signature="beforeTest()[pri:0, instance:day10.FirstScript@255b53dc]" name="beforeTest" is-config="true" duration-ms="4214" started-at="2019-03-15T15:42:13Z" finished-at="2019-03-15T15:42:18Z">
          <reporter-output>
          </reporter-output>
        </test-method> <!-- beforeTest -->
        <test-method status="PASS" signature="TitleTest()[pri:0, instance:day10.FirstScript@255b53dc]" name="TitleTest" duration-ms="4180" started-at="2019-03-15T15:42:18Z" finished-at="2019-03-15T15:42:22Z">
          <reporter-output>
          </reporter-output>
        </test-method> <!-- TitleTest -->
        <test-method status="PASS" signature="afterTest()[pri:0, instance:day10.FirstScript@255b53dc]" name="afterTest" is-config="true" duration-ms="744" started-at="2019-03-15T15:42:22Z" finished-at="2019-03-15T15:42:23Z">
          <reporter-output>
          </reporter-output>
        </test-method> <!-- afterTest -->
      </class> <!-- day10.FirstScript -->
    </test> <!-- Default test -->
  </suite> <!-- Default suite -->
</testng-results>
